 
esafio.var.aws_region - *terraform.NodeApplyableModuleVariable
module.desafio.var.ami - *terraform.NodeApplyableModuleVariable
  var.ami - *terraform.NodeRootVariable
module.desafio.var.aws_region - *terraform.NodeApplyableModuleVariable
  var.aws_region - *terraform.NodeRootVariable
module.desafio.var.instance_name - *terraform.NodeApplyableModuleVariable
  var.instance_name - *terraform.NodeRootVariable
module.desafio.var.key_name - *terraform.NodeApplyableModuleVariable
  var.key_name - *terraform.NodeRootVariable
module.desafio.var.ssh-range - *terraform.NodeApplyableModuleVariable
  var.ssh-range - *terraform.NodeRootVariable
output.public_ip - *terraform.NodeApplyableOutput
  module.desafio.output.public_ip - *terraform.NodeApplyableOutput
var.ami - *terraform.NodeRootVariable
var.aws_region - *terraform.NodeRootVariable
var.instance_name - *terraform.NodeRootVariable
var.key_name - *terraform.NodeRootVariable
var.public_key_path - *terraform.NodeRootVariable
var.ssh-range - *terraform.NodeRootVariable
.var.aws_region - *terraform.NodeApplyableModuleVariable
module.desafio.var.ami - *terraform.NodeApplyableModuleVariable
  var.ami - *terraform.NodeRootVariable
module.desafio.var.aws_region - *terraform.NodeApplyableModuleVariable
  var.aws_region - *terraform.NodeRootVariable
module.desafio.var.instance_name - *terraform.NodeApplyableModuleVariable
  var.instance_name - *terraform.NodeRootVariable
module.desafio.var.key_name - *terraform.NodeApplyableModuleVariable
  var.key_name - *terraform.NodeRootVariable
module.desafio.var.ssh-range - *terraform.NodeApplyableModuleVariable
  var.ssh-range - *terraform.NodeRootVariable
output.public_ip - *terraform.NodeApplyableOutput
  module.desafio.output.public_ip - *terraform.NodeApplyableOutput
var.ami - *terraform.NodeRootVariable
var.aws_region - *terraform.NodeRootVariable
var.instance_name - *terraform.NodeRootVariable
var.key_name - *terraform.NodeRootVariable
var.public_key_path - *terraform.NodeRootVariable
var.ssh-range - *terraform.NodeRootVariable
esafio.var.aws_region - *terraform.NodeApplyableModuleVariable
module.desafio.provider.aws (close) - *terraform.graphNodeCloseProvider
  module.desafio.aws_instance.idwall - *terraform.NodeAbstractResource
  module.desafio.aws_security_group.idwall - *terraform.NodeAbstractResource
  module.desafio.provider.aws - *terraform.NodeApplyableProvider
module.desafio.var.ami - *terraform.NodeApplyableModuleVariable
  var.ami - *terraform.NodeRootVariable
module.desafio.var.aws_region - *terraform.NodeApplyableModuleVariable
  var.aws_region - *terraform.NodeRootVariable
module.desafio.var.instance_name - *terraform.NodeApplyableModuleVariable
  var.instance_name - *terraform.NodeRootVariable
module.desafio.var.key_name - *terraform.NodeApplyableModuleVariable
  var.key_name - *terraform.NodeRootVariable
module.desafio.var.ssh-range - *terraform.NodeApplyableModuleVariable
  var.ssh-range - *terraform.NodeRootVariable
output.public_ip - *terraform.NodeApplyableOutput
  module.desafio.output.public_ip - *terraform.NodeApplyableOutput
var.ami - *terraform.NodeRootVariable
var.aws_region - *terraform.NodeRootVariable
var.instance_name - *terraform.NodeRootVariable
var.key_name - *terraform.NodeRootVariable
var.public_key_path - *terraform.NodeRootVariable
var.ssh-range - *terraform.NodeRootVariable
e.desafio.var.aws_region - *terraform.NodeApplyableModuleVariable
module.desafio.provider.aws (close) - *terraform.graphNodeCloseProvider
  module.desafio.aws_instance.idwall - *terraform.NodeAbstractResource
  module.desafio.aws_security_group.idwall - *terraform.NodeAbstractResource
  module.desafio.provider.aws - *terraform.NodeApplyableProvider
module.desafio.var.ami - *terraform.NodeApplyableModuleVariable
  var.ami - *terraform.NodeRootVariable
module.desafio.var.aws_region - *terraform.NodeApplyableModuleVariable
  var.aws_region - *terraform.NodeRootVariable
module.desafio.var.instance_name - *terraform.NodeApplyableModuleVariable
  var.instance_name - *terraform.NodeRootVariable
module.desafio.var.key_name - *terraform.NodeApplyableModuleVariable
  var.key_name - *terraform.NodeRootVariable
module.desafio.var.ssh-range - *terraform.NodeApplyableModuleVariable
  var.ssh-range - *terraform.NodeRootVariable
output.public_ip - *terraform.NodeApplyableOutput
  module.desafio.output.public_ip - *terraform.NodeApplyableOutput
provisioner.file (close) - *terraform.graphNodeCloseProvisioner
  module.desafio.aws_instance.idwall - *terraform.NodeAbstractResource
provisioner.remote-exec (close) - *terraform.graphNodeCloseProvisioner
  module.desafio.aws_instance.idwall - *terraform.NodeAbstractResource
var.ami - *terraform.NodeRootVariable
var.aws_region - *terraform.NodeRootVariable
var.instance_name - *terraform.NodeRootVariable
var.key_name - *terraform.NodeRootVariable
var.public_key_path - *terraform.NodeRootVariable
var.ssh-range - *terraform.NodeRootVariable
r.aws_region - *terraform.NodeApplyableModuleVariable
module.desafio.provider.aws (close) - *terraform.graphNodeCloseProvider
  module.desafio.aws_instance.idwall - *terraform.NodeAbstractResource
  module.desafio.aws_security_group.idwall - *terraform.NodeAbstractResource
  module.desafio.provider.aws - *terraform.NodeApplyableProvider
module.desafio.var.ami - *terraform.NodeApplyableModuleVariable
  var.ami - *terraform.NodeRootVariable
module.desafio.var.aws_region - *terraform.NodeApplyableModuleVariable
  var.aws_region - *terraform.NodeRootVariable
module.desafio.var.instance_name - *terraform.NodeApplyableModuleVariable
  var.instance_name - *terraform.NodeRootVariable
module.desafio.var.key_name - *terraform.NodeApplyableModuleVariable
  var.key_name - *terraform.NodeRootVariable
module.desafio.var.ssh-range - *terraform.NodeApplyableModuleVariable
  var.ssh-range - *terraform.NodeRootVariable
output.public_ip - *terraform.NodeApplyableOutput
  module.desafio.output.public_ip - *terraform.NodeApplyableOutput
provisioner.file (close) - *terraform.graphNodeCloseProvisioner
  module.desafio.aws_instance.idwall - *terraform.NodeAbstractResource
provisioner.remote-exec (close) - *terraform.graphNodeCloseProvisioner
  module.desafio.aws_instance.idwall - *terraform.NodeAbstractResource
root - terraform.graphNodeRoot
  meta.count-boundary (count boundary fixup) - *terraform.NodeCountBoundary
  module.desafio.provider.aws (close) - *terraform.graphNodeCloseProvider
  provisioner.file (close) - *terraform.graphNodeCloseProvisioner
  provisioner.remote-exec (close) - *terraform.graphNodeCloseProvisioner
var.ami - *terraform.NodeRootVariable
var.aws_region - *terraform.NodeRootVariable
var.instance_name - *terraform.NodeRootVariable
var.key_name - *terraform.NodeRootVariable
var.public_key_path - *terraform.NodeRootVariable
var.ssh-range - *terraform.NodeRootVariable
 *terraform.NodeAbstractResource
provisioner.remote-exec (close) - *terraform.graphNodeCloseProvisioner
  module.desafio.aws_instance.idwall - *terraform.NodeAbstractResource
root - terraform.graphNodeRoot
  meta.count-boundary (count boundary fixup) - *terraform.NodeCountBoundary
  module.desafio.provider.aws (close) - *terraform.graphNodeCloseProvider
  provisioner.file (close) - *terraform.graphNodeCloseProvisioner
  provisioner.remote-exec (close) - *terraform.graphNodeCloseProvisioner
var.ami - *terraform.NodeRootVariable
var.aws_region - *terraform.NodeRootVariable
var.instance_name - *terraform.NodeRootVariable
var.key_name - *terraform.NodeRootVariable
var.public_key_path - *terraform.NodeRootVariable
var.ssh-range - *terraform.NodeRootVariable
rm.NodeRootVariable
var.aws_region - *terraform.NodeRootVariable
var.instance_name - *terraform.NodeRootVariable
var.key_name - *terraform.NodeRootVariable
var.public_key_path - *terraform.NodeRootVariable
var.ssh-range - *terraform.NodeRootVariable
  module.desafio.var.ssh-range - *terraform.NodeApplyableModuleVariable
module.desafio.output.public_ip - *terraform.NodeApplyableOutput
  module.desafio.aws_instance.idwall - *terraform.NodeValidatableResource
module.desafio.provider.aws - *terraform.NodeApplyableProvider
  module.desafio.var.aws_region - *terraform.NodeApplyableModuleVariable
module.desafio.provisioner.file - *terraform.NodeProvisioner
module.desafio.provisioner.remote-exec - *terraform.NodeProvisioner
module.desafio.var.ami - *terraform.NodeApplyableModuleVariable
  var.ami - *terraform.NodeRootVariable
module.desafio.var.aws_region - *terraform.NodeApplyableModuleVariable
  var.aws_region - *terraform.NodeRootVariable
module.desafio.var.instance_name - *terraform.NodeApplyableModuleVariable
  var.instance_name - *terraform.NodeRootVariable
module.desafio.var.key_name - *terraform.NodeApplyableModuleVariable
  var.key_name - *terraform.NodeRootVariable
module.desafio.var.ssh-range - *terraform.NodeApplyableModuleVariable
  var.ssh-range - *terraform.NodeRootVariable
output.public_ip - *terraform.NodeApplyableOutput
  module.desafio.output.public_ip - *terraform.NodeApplyableOutput
var.ami - *terraform.NodeRootVariable
var.aws_region - *terraform.NodeRootVariable
var.instance_name - *terraform.NodeRootVariable
var.key_name - *terraform.NodeRootVariable
var.public_key_path - *terraform.NodeRootVariable
var.ssh-range - *terraform.NodeRootVariable
le.desafio.var.ssh-range - *terraform.NodeApplyableModuleVariable
module.desafio.output.public_ip - *terraform.NodeApplyableOutput
  module.desafio.aws_instance.idwall - *terraform.NodeValidatableResource
module.desafio.provider.aws - *terraform.NodeApplyableProvider
  module.desafio.var.aws_region - *terraform.NodeApplyableModuleVariable
module.desafio.provisioner.file - *terraform.NodeProvisioner
module.desafio.provisioner.remote-exec - *terraform.NodeProvisioner
module.desafio.var.ami - *terraform.NodeApplyableModuleVariable
  var.ami - *terraform.NodeRootVariable
module.desafio.var.aws_region - *terraform.NodeApplyableModuleVariable
  var.aws_region - *terraform.NodeRootVariable
module.desafio.var.instance_name - *terraform.NodeApplyableModuleVariable
  var.instance_name - *terraform.NodeRootVariable
module.desafio.var.key_name - *terraform.NodeApplyableModuleVariable
  var.key_name - *terraform.NodeRootVariable
module.desafio.var.ssh-range - *terraform.NodeApplyableModuleVariable
  var.ssh-range - *terraform.NodeRootVariable
output.public_ip - *terraform.NodeApplyableOutput
  module.desafio.output.public_ip - *terraform.NodeApplyableOutput
var.ami - *terraform.NodeRootVariable
var.aws_region - *terraform.NodeRootVariable
var.instance_name - *terraform.NodeRootVariable
var.key_name - *terraform.NodeRootVariable
var.public_key_path - *terraform.NodeRootVariable
var.ssh-range - *terraform.NodeRootVariable
  module.desafio.var.ssh-range - *terraform.NodeApplyableModuleVariable
module.desafio.output.public_ip - *terraform.NodeApplyableOutput
  module.desafio.aws_instance.idwall - *terraform.NodeValidatableResource
module.desafio.provider.aws - *terraform.NodeApplyableProvider
  module.desafio.var.aws_region - *terraform.NodeApplyableModuleVariable
module.desafio.provider.aws (close) - *terraform.graphNodeCloseProvider
  module.desafio.aws_instance.idwall - *terraform.NodeValidatableResource
  module.desafio.aws_security_group.idwall - *terraform.NodeValidatableResource
  module.desafio.provider.aws - *terraform.NodeApplyableProvider
module.desafio.provisioner.file - *terraform.NodeProvisioner
module.desafio.provisioner.remote-exec - *terraform.NodeProvisioner
module.desafio.var.ami - *terraform.NodeApplyableModuleVariable
  var.ami - *terraform.NodeRootVariable
module.desafio.var.aws_region - *terraform.NodeApplyableModuleVariable
  var.aws_region - *terraform.NodeRootVariable
module.desafio.var.instance_name - *terraform.NodeApplyableModuleVariable
  var.instance_name - *terraform.NodeRootVariable
module.desafio.var.key_name - *terraform.NodeApplyableModuleVariable
  var.key_name - *terraform.NodeRootVariable
module.desafio.var.ssh-range - *terraform.NodeApplyableModuleVariable
  var.ssh-range - *terraform.NodeRootVariable
output.public_ip - *terraform.NodeApplyableOutput
  module.desafio.output.public_ip - *terraform.NodeApplyableOutput
var.ami - *terraform.NodeRootVariable
var.aws_region - *terraform.NodeRootVariable
var.instance_name - *terraform.NodeRootVariable
var.key_name - *terraform.NodeRootVariable
var.public_key_path - *terraform.NodeRootVariable
var.ssh-range - *terraform.NodeRootVariable
le
  module.desafio.var.ssh-range - *terraform.NodeApplyableModuleVariable
module.desafio.output.public_ip - *terraform.NodeApplyableOutput
  module.desafio.aws_instance.idwall - *terraform.NodeValidatableResource
module.desafio.provider.aws - *terraform.NodeApplyableProvider
  module.desafio.var.aws_region - *terraform.NodeApplyableModuleVariable
module.desafio.provider.aws (close) - *terraform.graphNodeCloseProvider
  module.desafio.aws_instance.idwall - *terraform.NodeValidatableResource
  module.desafio.aws_security_group.idwall - *terraform.NodeValidatableResource
  module.desafio.provider.aws - *terraform.NodeApplyableProvider
module.desafio.provisioner.file - *terraform.NodeProvisioner
module.desafio.provisioner.remote-exec - *terraform.NodeProvisioner
module.desafio.var.ami - *terraform.NodeApplyableModuleVariable
  var.ami - *terraform.NodeRootVariable
module.desafio.var.aws_region - *terraform.NodeApplyableModuleVariable
  var.aws_region - *terraform.NodeRootVariable
module.desafio.var.instance_name - *terraform.NodeApplyableModuleVariable
  var.instance_name - *terraform.NodeRootVariable
module.desafio.var.key_name - *terraform.NodeApplyableModuleVariable
  var.key_name - *terraform.NodeRootVariable
module.desafio.var.ssh-range - *terraform.NodeApplyableModuleVariable
  var.ssh-range - *terraform.NodeRootVariable
output.public_ip - *terraform.NodeApplyableOutput
  module.desafio.output.public_ip - *terraform.NodeApplyableOutput
provisioner.file (close) - *terraform.graphNodeCloseProvisioner
  module.desafio.aws_instance.idwall - *terraform.NodeValidatableResource
provisioner.remote-exec (close) - *terraform.graphNodeCloseProvisioner
  module.desafio.aws_instance.idwall - *terraform.NodeValidatableResource
var.ami - *terraform.NodeRootVariable
var.aws_region - *terraform.NodeRootVariable
var.instance_name - *terraform.NodeRootVariable
var.key_name - *terraform.NodeRootVariable
var.public_key_path - *terraform.NodeRootVariable
var.ssh-range - *terraform.NodeRootVariable
desafio.var.ssh-range - *terraform.NodeApplyableModuleVariable
module.desafio.output.public_ip - *terraform.NodeApplyableOutput
  module.desafio.aws_instance.idwall - *terraform.NodeValidatableResource
module.desafio.provider.aws - *terraform.NodeApplyableProvider
  module.desafio.var.aws_region - *terraform.NodeApplyableModuleVariable
module.desafio.provider.aws (close) - *terraform.graphNodeCloseProvider
  module.desafio.aws_instance.idwall - *terraform.NodeValidatableResource
  module.desafio.aws_security_group.idwall - *terraform.NodeValidatableResource
  module.desafio.provider.aws - *terraform.NodeApplyableProvider
module.desafio.provisioner.file - *terraform.NodeProvisioner
module.desafio.provisioner.remote-exec - *terraform.NodeProvisioner
module.desafio.var.ami - *terraform.NodeApplyableModuleVariable
  var.ami - *terraform.NodeRootVariable
module.desafio.var.aws_region - *terraform.NodeApplyableModuleVariable
  var.aws_region - *terraform.NodeRootVariable
module.desafio.var.instance_name - *terraform.NodeApplyableModuleVariable
  var.instance_name - *terraform.NodeRootVariable
module.desafio.var.key_name - *terraform.NodeApplyableModuleVariable
  var.key_name - *terraform.NodeRootVariable
module.desafio.var.ssh-range - *terraform.NodeApplyableModuleVariable
  var.ssh-range - *terraform.NodeRootVariable
output.public_ip - *terraform.NodeApplyableOutput
  module.desafio.output.public_ip - *terraform.NodeApplyableOutput
provisioner.file (close) - *terraform.graphNodeCloseProvisioner
  module.desafio.aws_instance.idwall - *terraform.NodeValidatableResource
provisioner.remote-exec (close) - *terraform.graphNodeCloseProvisioner
  module.desafio.aws_instance.idwall - *terraform.NodeValidatableResource
root - terraform.graphNodeRoot
  meta.count-boundary (count boundary fixup) - *terraform.NodeCountBoundary
  module.desafio.provider.aws (close) - *terraform.graphNodeCloseProvider
  provisioner.file (close) - *terraform.graphNodeCloseProvisioner
  provisioner.remote-exec (close) - *terraform.graphNodeCloseProvisioner
var.ami - *terraform.NodeRootVariable
var.aws_region - *terraform.NodeRootVariable
var.instance_name - *terraform.NodeRootVariable
var.key_name - *terraform.NodeRootVariable
var.public_key_path - *terraform.NodeRootVariable
var.ssh-range - *terraform.NodeRootVariable
uleVariable
  var.ssh-range - *terraform.NodeRootVariable
output.public_ip - *terraform.NodeApplyableOutput
  module.desafio.output.public_ip - *terraform.NodeApplyableOutput
provisioner.file (close) - *terraform.graphNodeCloseProvisioner
  module.desafio.aws_instance.idwall - *terraform.NodeValidatableResource
provisioner.remote-exec (close) - *terraform.graphNodeCloseProvisioner
  module.desafio.aws_instance.idwall - *terraform.NodeValidatableResource
root - terraform.graphNodeRoot
  meta.count-boundary (count boundary fixup) - *terraform.NodeCountBoundary
  module.desafio.provider.aws (close) - *terraform.graphNodeCloseProvider
  provisioner.file (close) - *terraform.graphNodeCloseProvisioner
  provisioner.remote-exec (close) - *terraform.graphNodeCloseProvisioner
var.ami - *terraform.NodeRootVariable
var.aws_region - *terraform.NodeRootVariable
var.instance_name - *terraform.NodeRootVariable
var.key_name - *terraform.NodeRootVariable
var.public_key_path - *terraform.NodeRootVariable
var.ssh-range - *terraform.NodeRootVariable
g
ary
  module.desafio.aws_instance.idwall - *terraform.NodePlannableResource
  module.desafio.aws_security_group.idwall - *terraform.NodePlannableResource
  module.desafio.output.public_ip - *terraform.NodeApplyableOutput
  module.desafio.provider.aws - *terraform.NodeApplyableProvider
  module.desafio.var.ami - *terraform.NodeApplyableModuleVariable
  module.desafio.var.aws_region - *terraform.NodeApplyableModuleVariable
  module.desafio.var.instance_name - *terraform.NodeApplyableModuleVariable
  module.desafio.var.key_name - *terraform.NodeApplyableModuleVariable
  module.desafio.var.ssh-range - *terraform.NodeApplyableModuleVariable
  output.public_ip - *terraform.NodeApplyableOutput
  var.ami - *terraform.NodeRootVariable
  var.aws_region - *terraform.NodeRootVariable
  var.instance_name - *terraform.NodeRootVariable
  var.key_name - *terraform.NodeRootVariable
  var.public_key_path - *terraform.NodeRootVariable
  var.ssh-range - *terraform.NodeRootVariable
module.desafio.aws_instance.idwall - *terraform.NodePlannableResource
  module.desafio.aws_security_group.idwall - *terraform.NodePlannableResource
  module.desafio.provider.aws - *terraform.NodeApplyableProvider
  module.desafio.var.ami - *terraform.NodeApplyableModuleVariable
  module.desafio.var.instance_name - *terraform.NodeApplyableModuleVariable
  module.desafio.var.key_name - *terraform.NodeApplyableModuleVariable
module.desafio.aws_security_group.idwall - *terraform.NodePlannableResource
  module.desafio.provider.aws - *terraform.NodeApplyableProvider
  module.desafio.var.instance_name - *terraform.NodeApplyableModuleVariable
  module.desafio.var.ssh-range - *terraform.NodeApplyableModuleVariable
module.desafio.output.public_ip - *terraform.NodeApplyableOutput
  module.desafio.aws_instance.idwall - *terraform.NodePlannableResource
module.desafio.provider.aws - *terraform.NodeApplyableProvider
  module.desafio.var.aws_region - *terraform.NodeApplyableModuleVariable
module.desafio.var.ami - *terraform.NodeApplyableModuleVariable
  var.ami - *terrafoaform.NodePlannableResource
  module.desafio.aws_security_group.idwall - *terraform.NodePlannableResource
  module.desafio.provider.aws - *terraform.NodeApplyableProvider
  module.desafio.var.ami - *terraform.NodeApplyableModuleVariable
  module.desafio.var.instance_name - *terraform.NodeApplyableModuleVariable
  module.desafio.var.key_name - *terraform.NodeApplyableModuleVariable
module.desafio.aws_security_group.idwall - *terraform.NodePlannableResource
  module.desafio.provider.aws - *terraform.NodeApplyableProvider
  module.desafio.var.instance_name - *terraform.NodeApplyableModuleVariable
  module.desafio.var.ssh-range - *terraform.NodeApplyableModuleVariable
module.desafio.output.public_ip - *terraform.NodeApplyableOutput
  module.desafio.aws_instance.idwall - *terraform.NodePlannableResource
module.desafio.provider.aws - *terraform.NodeApplyableProvider
  module.desafio.var.aws_region - *terraform.NodeApplyableModuleVariable
module.desafio.provider.aws (close) - *terraform.graphNodeCloseProvider
  module.desafio.aws_instance.idwall - *terraform.NodePlannableResource
  module.desafio.aws_security_group.idwall - *terraform.NodePlannableResource
  module.desafio.provider.aws - *terraform.NodeApplyableProvider
module.desafio.var.ami - *terraform.NodeApplyableModuleVariable
  var.ami - *terraform.NodeRootVariable
module.desafio.var.aws_region - *terraform.NodeApplyableModuleVariable
  var.aws_region - *terraform.NodeRootVariable
module.desafio.var.instance_name - *terraform.NodeApplyableModuleVariable
  var.instance_name - *terraform.NodeRootVariable
module.desafio.var.key_name - *terraform.NodeApplyableModuleVariable
  var.key_name - *terraform.NodeRootVariable
module.desafio.var.ssh-range - *terraform.NodeApplyableModuleVariable
  var.ssh-range - *terraform.NodeRootVariable
output.public_ip - *terraform.NodeApplyableOutput
  module.desafio.output.public_ip - *terraform.NodeApplyableOutput
var.ami - *terraform.NodeRootVariable
var.aws_region - *terraform.NodeRootVariable
var.instance_name - *terraform.NodeRootule.desafio.output.public_ip - *terraform.NodeApplyableOutput
  module.desafio.provider.aws - *terraform.NodeApplyableProvider
  module.desafio.var.ami - *terraform.NodeApplyableModuleVariable
  module.desafio.var.aws_region - *terraform.NodeApplyableModuleVariable
  module.desafio.var.instance_name - *terraform.NodeApplyableModuleVariable
  module.desafio.var.key_name - *terraform.NodeApplyableModuleVariable
  module.desafio.var.ssh-range - *terraform.NodeApplyableModuleVariable
  output.public_ip - *terraform.NodeApplyableOutput
  var.ami - *terraform.NodeRootVariable
  var.aws_region - *terraform.NodeRootVariable
  var.instance_name - *terraform.NodeRootVariable
  var.key_name - *terraform.NodeRootVariable
  var.public_key_path - *terraform.NodeRootVariable
  var.ssh-range - *terraform.NodeRootVariable
module.desafio.aws_instance.idwall - *terraform.NodePlannableResource
  module.desafio.aws_security_group.idwall - *terraform.NodePlannableResource
  module.desafio.provider.aws - *terraform.NodeApplyableProvider
  module.desafio.var.ami - *terraform.NodeApplyableModuleVariable
  module.desafio.var.instance_name - *terraform.NodeApplyableModuleVariable
  module.desafio.var.key_name - *terraform.NodeApplyableModuleVariable
module.desafio.aws_security_group.idwall - *terraform.NodePlannableResource
  module.desafio.provider.aws - *terraform.NodeApplyableProvider
  module.desafio.var.instance_name - *terraform.NodeApplyableModuleVariable
  module.desafio.var.ssh-range - *terraform.NodeApplyableModuleVariable
module.desafio.output.public_ip - *terraform.NodeApplyableOutput
  module.desafio.aws_instance.idwall - *terraform.NodePlannableResource
module.desafio.provider.aws - *terraform.NodeApplyableProvider
  module.desafio.var.aws_region - *terraform.NodeApplyableModuleVariable
module.desafio.provider.aws (close) - *terraform.graphNodeCloseProvider
  module.desafio.aws_instance.idwall - *terraform.NodePlannableResource
  module.desafio.aws_security_group.idwall - *terraform.NodePlannableResource
  module.desafio.proverraform.NodeApplyableModuleVariable
  module.desafio.var.key_name - *terraform.NodeApplyableModuleVariable
module.desafio.aws_security_group.idwall - *terraform.NodePlannableResource
  module.desafio.provider.aws - *terraform.NodeApplyableProvider
  module.desafio.var.instance_name - *terraform.NodeApplyableModuleVariable
  module.desafio.var.ssh-range - *terraform.NodeApplyableModuleVariable
module.desafio.output.public_ip - *terraform.NodeApplyableOutput
  module.desafio.aws_instance.idwall - *terraform.NodePlannableResource
module.desafio.provider.aws - *terraform.NodeApplyableProvider
  module.desafio.var.aws_region - *terraform.NodeApplyableModuleVariable
module.desafio.provider.aws (close) - *terraform.graphNodeCloseProvider
  module.desafio.aws_instance.idwall - *terraform.NodePlannableResource
module.desafio.var.ami - *terraform.NodeApplyableModuleVariable
  var.ami - *terraform.NodeRootVariable
module.desafio.var.aws_region - *terraform.NodeApplyableModuleVariable
  var.aws_region - *terraform.NodeRootVariable
module.desafio.var.instance_name - *terraform.NodeApplyableModuleVariable
  var.instance_name - *terraform.NodeRootVariable
module.desafio.var.key_name - *terraform.NodeApplyableModuleVariable
  var.key_name - *terraform.NodeRootVariable
module.desafio.var.ssh-range - *terraform.NodeApplyableModuleVariable
  var.ssh-range - *terraform.NodeRootVariable
output.public_ip - *terraform.NodeApplyableOutput
  module.desafio.output.public_ip - *terraform.NodeApplyableOutput
provisioner.file (close) - *terraform.graphNodeCloseProvisioner
  module.desafio.aws_instance.idwall - *terraform.NodePlannableResource
provisioner.remote-exec (close) - *terraform.graphNodeCloseProvisioner
  module.desafio.aws_instance.idwall - *terraform.NodePlannableResource
root - terraform.graphNodeRoot
  meta.count-boundary (count boundary fixup) - *terraform.NodeCountBoundary
  module.desafio.provider.aws (close) - *terraform.graphNodeCloseProvider
  provisioner.file (close) - *terraform.graphNodeCloseProvisioner
  provisioner.rgroup_ids.#:     "" => "<computed>"
CREATE: aws_security_group.idwall
  arn:                                   "" => "<computed>"
  description:                           "" => "Managed by Terraform" (forces new resource)
  egress.#:                              "" => "1"
  egress.1403647648.cidr_blocks.#:       "" => "1"
  egress.1403647648.cidr_blocks.0:       "" => "0.0.0.0/0"
  egress.1403647648.description:         "" => ""
  egress.1403647648.from_port:           "" => "0"
  egress.1403647648.ipv6_cidr_blocks.#:  "" => "0"
  egress.1403647648.prefix_list_ids.#:   "" => "0"
  egress.1403647648.protocol:            "" => "tcp"
  egress.1403647648.security_groups.#:   "" => "0"
  egress.1403647648.self:                "" => "false"
  egress.1403647648.to_port:             "" => "65535"
  ingress.#:                             "" => "3"
  ingress.1275280751.cidr_blocks.#:      "" => "1"
  ingress.1275280751.cidr_blocks.0:      "" => "179.225.174.91/32"
  ingress.1275280751.description:        "" => ""
  ingress.1275280751.from_port:          "" => "22"
  ingress.1275280751.ipv6_cidr_blocks.#: "" => "0"
  ingress.1275280751.prefix_list_ids.#:  "" => "0"
  ingress.1275280751.protocol:           "" => "tcp"
  ingress.1275280751.security_groups.#:  "" => "0"
  ingress.1275280751.self:               "" => "false"
  ingress.1275280751.to_port:            "" => "22"
  ingress.2214680975.cidr_blocks.#:      "" => "1"
  ingress.2214680975.cidr_blocks.0:      "" => "0.0.0.0/0"
  ingress.2214680975.description:        "" => ""
  ingress.2214680975.from_port:          "" => "80"
  ingress.2214680975.ipv6_cidr_blocks.#: "" => "0"
  ingress.2214680975.prefix_list_ids.#:  "" => "0"
  ingress.2214680975.protocol:           "" => "tcp"
  ingress.2214680975.security_groups.#:  "" => "0"
  ingress.2214680975.self:               "" => "false"
  ingress.2214680975.to_port:            "" => "80"
  ingress.2617001939.cidr_blocks.#:      "" => "1"
  ingress.2617001939.cidr_blocks.0:      "" => "0.0.0.0/0"
  ingress.2617001939.description:        "" => ""
  ingress.2617001939.from_port:          "" => "443"
  ingress.2617001939.ipv6_cidr_blocks.#: "" => "0"
  ingress.2617001939.prefix_list_ids.#:  "" => "0"
  ingress.2617001939.protocol:           "" => "tcp"
  ingress.2617001939.security_groups.#:  "" => "0"
  ingress.2617001939.self:               "" => "false"
  ingress.2617001939.to_port:            "" => "443"
  name:                                  "" => "asdadsadsa" (forces new resource)
  owner_id:                              "" => "<computed>"
  revoke_rules_on_delete:                "" => "false"
  vpc_id:                                "" => "<computed>" (forces new resource)
1939.prefix_list_ids.#":*terraform.ResourceAttrDiff{Old:"", New:"0", NewComputed:false, NewRemoved:false, NewExtra:interface {}(nil), RequiresNew:false, Sensitive:false, Type:0x0}, "ingress.2214680975.ipv6_cidr_blocks.#":*terraform.ResourceAttrDiff{Old:"", New:"0", NewComputed:false, NewRemoved:false, NewExtra:interface {}(nil), RequiresNew:false, Sensitive:false, Type:0x0}, "ingress.1275280751.cidr_blocks.#":*terraform.ResourceAttrDiff{Old:"", New:"1", NewComputed:false, NewRemoved:false, NewExtra:interface {}(nil), RequiresNew:false, Sensitive:false, Type:0x0}, "ingress.1275280751.self":*terraform.ResourceAttrDiff{Old:"", New:"false", NewComputed:false, NewRemoved:false, NewExtra:interface {}(nil), RequiresNew:false, Sensitive:false, Type:0x0}, "egress.1403647648.from_port":*terraform.ResourceAttrDiff{Old:"", New:"0", NewComputed:false, NewRemoved:false, NewExtra:interface {}(nil), RequiresNew:false, Sensitive:false, Type:0x0}, "ingress.2617001939.cidr_blocks.#":*terraform.ResourceAttrDiff{Old:"", New:"1", NewComputed:false, NewRemoved:false, NewExtra:interface {}(nil), RequiresNew:false, Sensitive:false, Type:0x0}, "egress.1403647648.cidr_blocks.0":*terraform.ResourceAttrDiff{Old:"", New:"0.0.0.0/0", NewComputed:false, NewRemoved:false, NewExtra:interface {}(nil), RequiresNew:false, Sensitive:false, Type:0x0}, "name":*terraform.ResourceAttrDiff{Old:"", New:"asdadsadsa", NewComputed:false, NewRemoved:false, NewExtra:interface {}(nil), RequiresNew:true, Sensitive:false, Type:0x0}, "id":*terraform.ResourceAttrDiff{Old:"", New:"", NewComputed:true, NewRemoved:false, NewExtra:interface {}(nil), RequiresNew:true, Sensitive:false, Type:0x2}, "egress.1403647648.prefix_list_ids.#":*terraform.ResourceAttrDiff{Old:"", New:"0", NewComputed:false, NewRemoved:false, NewExtra:interface {}(nil), RequiresNew:false, Sensitive:false, Type:0x0}, "ingress.1275280751.prefix_list_ids.#":*terraform.ResourceAttrDiff{Old:"", New:"0", NewComputed:false, NewRemoved:false, NewExtra:interface {}(nil), RequiresNew:false, Sensitive:false, Type:0x0}, "ingress.1275280751.to_port":*terraform.ResourceAttrDiff{Old:"", New:"22", NewComputed:false, NewRemoved:false, NewExtra:interface {}(nil), RequiresNew:false, Sensitive:false, Type:0x0}, "ingress.2617001939.security_groups.#":*terraform.ResourceAttrDiff{Old:"", New:"0", NewComputed:false, NewRemoved:false, NewExtra:interface {}(nil), RequiresNew:false, Sensitive:false, Type:0x0}, "ingress.2214680975.self":*terraform.ResourceAttrDiff{Old:"", New:"false", NewComputed:false, NewRemoved:false, NewExtra:interface {}(nil), RequiresNew:false, Sensitive:false, Type:0x0}, "ingress.2214680975.prefix_list_ids.#":*terraform.ResourceAttrDiff{Old:"", New:"0", NewComputed:false, NewRemoved:false, NewExtra:interface {}(nil), RequiresNew:false, Sensitive:false, Type:0x0}, "ingress.2214680975.cidr_blocks.0":*terraform.ResourceAttrDiff{Old:"", New:"0.0.0.0/0", NewComputed:false, NewRemoved:false, NewExtra:interface {}(nil), RequiresNew:false, Sensitive:false, Type:0x0}, "ingress.2617001939.self":*terraform.ResourceAttrDiff{Old:"", New:"false", NewComputed:false, NewRemoved:false, NewExtra:interface {}(nil), RequiresNew:false, Sensitive:false, Type:0x0}, "ingress.2214680975.from_port":*terraform.ResourceAttrDiff{Old:"", New:"80", NewComputed:false, NewRemoved:false, NewExtra:interface {}(nil), RequiresNew:false, Sensitive:false, Type:0x0}, "revoke_rules_on_delete":*terraform.ResourceAttrDiff{Old:"", New:"false", NewComputed:false, NewRemoved:false, NewExtra:interface {}(nil), RequiresNew:false, Sensitive:false, Type:0x0}, "ingress.1275280751.protocol":*terraform.ResourceAttrDiff{Old:"", New:"tcp", NewComputed:false, NewRemoved:false, NewExtra:"tcp", RequiresNew:false, Sensitive:false, Type:0x0}, "ingress.1275280751.cidr_blocks.0":*terraform.ResourceAttrDiff{Old:"", New:"179.225.174.91/32", NewComputed:false, NewRemoved:false, NewExtra:interface {}(nil), RequiresNew:false, Sensitive:false, Type:0x0}, "egress.#":*terraform.ResourceAttrDiff{Old:"", New:"1", NewComputed:false, NewRemoved:false, NewExtra:interface {}(nil), RequiresNew:false, Sensitive:false, Type:0x0}, "description":*terraform.ResourceAttrDiff{Old:"", New:"Managed by Terraform", NewComputed:false, NewRemoved:false, NewExtra:interface {}(nil), RequiresNew:true, Sensitive:false, Type:0x0}, "ingress.2617001939.protocol":*terraform.ResourceAttrDiff{Old:"", New:"tcp", NewComputed:false, NewRemoved:false, NewExtra:"tcp", RequiresNew:false, Sensitive:false, Type:0x0}, "ingress.1275280751.description":*terraform.ResourceAttrDiff{Old:"", New:"", NewComputed:false, NewRemoved:false, NewExtra:interface {}(nil), RequiresNew:false, Sensitive:false, Type:0x0}, "egress.1403647648.self":*terraform.ResourceAttrDiff{Old:"", New:"false", NewComputed:false, NewRemoved:false, NewExtra:interface {}(nil), RequiresNew:false, Sensitive:false, Type:0x0}, "egress.1403647648.cidr_blocks.#":*terraform.ResourceAttrDiff{Old:"", New:"1", NewComputed:false, NewRemoved:false, NewExtra:interface {}(nil), RequiresNew:false, Sensitive:false, Type:0x0}, "ingress.2214680975.protocol":*terraform.ResourceAttrDiff{Old:"", New:"tcp", NewComputed:false, NewRemoved:false, NewExtra:"tcp", RequiresNew:false, Sensitive:false, Type:0x0}, "ingress.2617001939.ipv6_cidr_blocks.#":*terraform.ResourceAttrDiff{Old:"", New:"0", NewComputed:false, NewRemoved:false, NewExtra:interface {}(nil), RequiresNew:false, Sensitive:false, Type:0x0}, "egress.1403647648.security_groups.#":*terraform.ResourceAttrDiff{Old:"", New:"0", NewComputed:false, NewRemoved:false, NewExtra:interface {}(nil), RequiresNew:false, Sensitive:false, Type:0x0}, "ingress.2617001939.description":*terraform.ResourceAttrDiff{Old:"", New:"", NewComputed:false, NewRemoved:false, NewExtra:interface {}(nil), RequiresNew:false, Sensitive:false, Type:0x0}, "vpc_id":*terraform.ResourceAttrDiff{Old:"", New:"", NewComputed:true, NewRemoved:false, NewExtra:interface {}(nil), RequiresNew:true, Sensitive:false, Type:0x0}, "ingress.2617001939.cidr_blocks.0":*terraform.ResourceAttrDiff{Old:"", New:"0.0.0.0/0", NewComputed:false, NewRemoved:false, NewExtra:interface {}(nil), RequiresNew:false, Sensitive:false, Type:0x0}, "ingress.2214680975.security_groups.#":*terraform.ResourceAttrDiff{Old:"", New:"0", NewComputed:false, NewRemoved:false, NewExtra:interface {}(nil), RequiresNew:false, Sensitive:false, Type:0x0}, "ingress.1275280751.ipv6_cidr_blocks.#":*terraform.ResourceAttrDiff{Old:"", New:"0", NewComputed:false, NewRemoved:false, NewExtra:interface {}(nil), RequiresNew:false, Sensitive:false, Type:0x0}, "ingress.2617001939.to_port":*terraform.ResourceAttrDiff{Old:"", New:"443", NewComputed:false, NewRemoved:false, NewExtra:interface {}(nil), RequiresNew:false, Sensitive:false, Type:0x0}, "ingress.2214680975.to_port":*terraform.ResourceAttrDiff{Old:"", New:"80", NewComputed:false, NewRemoved:false, NewExtra:interface {}(nil), RequiresNew:false, Sensitive:false, Type:0x0}, "ingress.2617001939.from_port":*terraform.ResourceAttrDiff{Old:"", New:"443", NewComputed:false, NewRemoved:false, NewExtra:interface {}(nil), RequiresNew:false, Sensitive:false, Type:0x0}, "ingress.#":*terraform.ResourceAttrDiff{Old:"", New:"3", NewComputed:false, NewRemoved:false, NewExtra:interface {}(nil), RequiresNew:false, Sensitive:false, Type:0x0}}, Destroy:false, DestroyDeposed:false, DestroyTainted:false, Meta:map[string]interface {}(nil)}
se, Sensitive:false, Type:0x0}, "ebs_block_device.#":*terraform.ResourceAttrDiff{Old:"", New:"", NewComputed:true, NewRemoved:false, NewExtra:interface {}(nil), RequiresNew:false, Sensitive:false, Type:0x0}, "get_password_data":*terraform.ResourceAttrDiff{Old:"", New:"false", NewComputed:false, NewRemoved:false, NewExtra:interface {}(nil), RequiresNew:false, Sensitive:false, Type:0x0}, "ipv6_address_count":*terraform.ResourceAttrDiff{Old:"", New:"", NewComputed:true, NewRemoved:false, NewExtra:interface {}(nil), RequiresNew:true, Sensitive:false, Type:0x0}, "arn":*terraform.ResourceAttrDiff{Old:"", New:"", NewComputed:true, NewRemoved:false, NewExtra:interface {}(nil), RequiresNew:false, Sensitive:false, Type:0x0}, "associate_public_ip_address":*terraform.ResourceAttrDiff{Old:"", New:"", NewComputed:true, NewRemoved:false, NewExtra:interface {}(nil), RequiresNew:true, Sensitive:false, Type:0x0}, "primary_network_interface_id":*terraform.ResourceAttrDiff{Old:"", New:"", NewComputed:true, NewRemoved:false, NewExtra:interface {}(nil), RequiresNew:false, Sensitive:false, Type:0x0}, "key_name":*terraform.ResourceAttrDiff{Old:"", New:"minha-chave", NewComputed:false, NewRemoved:false, NewExtra:interface {}(nil), RequiresNew:true, Sensitive:false, Type:0x0}, "tags.%":*terraform.ResourceAttrDiff{Old:"", New:"1", NewComputed:false, NewRemoved:false, NewExtra:interface {}(nil), RequiresNew:false, Sensitive:false, Type:0x0}, "host_id":*terraform.ResourceAttrDiff{Old:"", New:"", NewComputed:true, NewRemoved:false, NewExtra:interface {}(nil), RequiresNew:true, Sensitive:false, Type:0x0}, "private_ip":*terraform.ResourceAttrDiff{Old:"", New:"", NewComputed:true, NewRemoved:false, NewExtra:interface {}(nil), RequiresNew:true, Sensitive:false, Type:0x0}, "source_dest_check":*terraform.ResourceAttrDiff{Old:"", New:"true", NewComputed:false, NewRemoved:false, NewExtra:interface {}(nil), RequiresNew:false, Sensitive:false, Type:0x0}, "instance_state":*terraform.ResourceAttrDiff{Old:"", New:"", NewComputed:true, NewRemoved:false, NewExtra:interface {}(nil), RequiresNew:false, Sensitive:false, Type:0x0}, "ephemeral_block_device.#":*terraform.ResourceAttrDiff{Old:"", New:"", NewComputed:true, NewRemoved:false, NewExtra:interface {}(nil), RequiresNew:true, Sensitive:false, Type:0x0}, "tags.Name":*terraform.ResourceAttrDiff{Old:"", New:"asdadsadsa", NewComputed:false, NewRemoved:false, NewExtra:interface {}(nil), RequiresNew:false, Sensitive:false, Type:0x0}, "instance_type":*terraform.ResourceAttrDiff{Old:"", New:"t2.micro", NewComputed:false, NewRemoved:false, NewExtra:interface {}(nil), RequiresNew:false, Sensitive:false, Type:0x0}, "vpc_security_group_ids.#":*terraform.ResourceAttrDiff{Old:"", New:"", NewComputed:true, NewRemoved:false, NewExtra:interface {}(nil), RequiresNew:false, Sensitive:false, Type:0x0}, "ipv6_addresses.#":*terraform.ResourceAttrDiff{Old:"", New:"", NewComputed:true, NewRemoved:false, NewExtra:interface {}(nil), RequiresNew:true, Sensitive:false, Type:0x0}, "root_block_device.#":*terraform.ResourceAttrDiff{Old:"", New:"", NewComputed:true, NewRemoved:false, NewExtra:interface {}(nil), RequiresNew:false, Sensitive:false, Type:0x0}, "availability_zone":*terraform.ResourceAttrDiff{Old:"", New:"", NewComputed:true, NewRemoved:false, NewExtra:interface {}(nil), RequiresNew:true, Sensitive:false, Type:0x0}, "subnet_id":*terraform.ResourceAttrDiff{Old:"", New:"", NewComputed:true, NewRemoved:false, NewExtra:interface {}(nil), RequiresNew:true, Sensitive:false, Type:0x0}, "network_interface_id":*terraform.ResourceAttrDiff{Old:"", New:"", NewComputed:true, NewRemoved:false, NewExtra:interface {}(nil), RequiresNew:false, Sensitive:false, Type:0x0}, "public_dns":*terraform.ResourceAttrDiff{Old:"", New:"", NewComputed:true, NewRemoved:false, NewExtra:interface {}(nil), RequiresNew:false, Sensitive:false, Type:0x0}, "id":*terraform.ResourceAttrDiff{Old:"", New:"", NewComputed:true, NewRemoved:false, NewExtra:interface {}(nil), RequiresNew:true, Sensitive:false, Type:0x2}}, Destroy:false, DestroyDeposed:false, DestroyTainted:false, Meta:map[string]interface {}(nil)}
2019/03/05 13:22:05 [TRACE] Graph after step *terraform.DiffTransformer:

module.desafio.aws_instance.idwall - *terraform.NodeApplyableResource
module.desafio.aws_security_group.idwall - *terraform.NodeApplyableResource
- *terraform.NodeApplyableResource
  module.desafio.provider.aws - *terraform.NodeApplyableProvider
  module.desafio.provisioner.file - *terraform.NodeProvisioner
  module.desafio.provisioner.remote-exec - *terraform.NodeProvisioner
  module.desafio.var.ami - *terraform.NodeApplyableModuleVariable
  module.desafio.var.instance_name - *terraform.NodeApplyableModuleVariable
  module.desafio.var.key_name - *terraform.NodeApplyableModuleVariable
module.desafio.aws_security_group.idwall - *terraform.NodeApplyableResource
  module.desafio.provider.aws - *terraform.NodeApplyableProvider
  module.desafio.var.instance_name - *terraform.NodeApplyableModuleVariable
  module.desafio.var.ssh-range - *terraform.NodeApplyableModuleVariable
module.desafio.output.public_ip - *terraform.NodeApplyableOutput
  module.desafio.aws_instance.idwall - *terraform.NodeApplyableResource
module.desafio.provider.aws - *terraform.NodeApplyableProvider
  module.desafio.var.aws_region - *terraform.NodeApplyableModuleVariable
module.desafio.provisioner.file - *terraform.NodeProvisioner
module.desafio.provisioner.remote-exec - *terraform.NodeProvisioner
module.desafio.var.ami - *terraform.NodeApplyableModuleVariable
  var.ami - *terraform.NodeRootVariable
module.desafio.var.aws_region - *terraform.NodeApplyableModuleVariable
  var.aws_region - *terraform.NodeRootVariable
module.desafio.var.instance_name - *terraform.NodeApplyableModuleVariable
  var.instance_name - *terraform.NodeRootVariable
module.desafio.var.key_name - *terraform.NodeApplyableModuleVariable
  var.key_name - *terraform.NodeRootVariable
module.desafio.var.ssh-range - *terraform.NodeApplyableModuleVariable
  var.ssh-range - *terraform.NodeRootVariable
output.public_ip - *terraform.NodeApplyableOutput
  module.desafio.output.public_ip - *terraform.NodeApplyableOutput
var.ami - *terraform.NodeRootVariable
var.aws_region - *terraform.NodeRootVariable
var.instance_name - *terraform.NodeRootVariable
var.key_name - *terraform.NodeRootVariable
var.public_key_path - *terraform.NodeRootVare.desafio.var.ami - *terraform.NodeApplyableModuleVariable
  module.desafio.var.aws_region - *terraform.NodeApplyableModuleVariable
  module.desafio.var.instance_name - *terraform.NodeApplyableModuleVariable
  module.desafio.var.key_name - *terraform.NodeApplyableModuleVariable
  module.desafio.var.ssh-range - *terraform.NodeApplyableModuleVariable
  output.public_ip - *terraform.NodeApplyableOutput
  var.ami - *terraform.NodeRootVariable
  var.aws_region - *terraform.NodeRootVariable
  var.instance_name - *terraform.NodeRootVariable
  var.key_name - *terraform.NodeRootVariable
  var.public_key_path - *terraform.NodeRootVariable
  var.ssh-range - *terraform.NodeRootVariable
module.desafio.aws_instance.idwall - *terraform.NodeApplyableResource
  module.desafio.aws_security_group.idwall - *terraform.NodeApplyableResource
  module.desafio.provider.aws - *terraform.NodeApplyableProvider
  module.desafio.provisioner.file - *terraform.NodeProvisioner
  module.desafio.provisioner.remote-exec - *terraform.NodeProvisioner
  module.desafio.var.ami - *terraform.NodeApplyableModuleVariable
  module.desafio.var.instance_name - *terraform.NodeApplyableModuleVariable
  module.desafio.var.key_name - *terraform.NodeApplyableModuleVariable
module.desafio.aws_security_group.idwall - *terraform.NodeApplyableResource
  module.desafio.provider.aws - *terraform.NodeApplyableProvider
  module.desafio.var.instance_name - *terraform.NodeApplyableModuleVariable
  module.desafio.var.ssh-range - *terraform.NodeApplyableModuleVariable
module.desafio.output.public_ip - *terraform.NodeApplyableOutput
  module.desafio.aws_instance.idwall - *terraform.NodeApplyableResource
module.desafio.provider.aws - *terraform.NodeApplyableProvider
  module.desafio.var.aws_region - *terraform.NodeApplyableModuleVariable
module.desafio.provisioner.file - *terraform.NodeProvisioner
module.desafio.provisioner.remote-exec - *terraform.NodeProvisioner
module.desafio.var.ami - *terraform.NodeApplyableModuleVariable
  var.ami - *terraform.NodeRootVariable
module.desaeRootVariable
  var.ssh-range - *terraform.NodeRootVariable
module.desafio.aws_instance.idwall - *terraform.NodeApplyableResource
  module.desafio.aws_security_group.idwall - *terraform.NodeApplyableResource
  module.desafio.provider.aws - *terraform.NodeApplyableProvider
  module.desafio.provisioner.file - *terraform.NodeProvisioner
  module.desafio.provisioner.remote-exec - *terraform.NodeProvisioner
  module.desafio.var.ami - *terraform.NodeApplyableModuleVariable
  module.desafio.var.instance_name - *terraform.NodeApplyableModuleVariable
  module.desafio.var.key_name - *terraform.NodeApplyableModuleVariable
module.desafio.aws_security_group.idwall - *terraform.NodeApplyableResource
  module.desafio.provider.aws - *terraform.NodeApplyableProvider
  module.desafio.var.instance_name - *terraform.NodeApplyableModuleVariable
  module.desafio.var.ssh-range - *terraform.NodeApplyableModuleVariable
module.desafio.output.public_ip - *terraform.NodeApplyableOutput
  module.desafio.aws_instance.idwall - *terraform.NodeApplyableResource
module.desafio.provider.aws - *terraform.NodeApplyableProvider
  module.desafio.var.aws_region - *terraform.NodeApplyableModuleVariable
module.desafio.provider.aws (close) - *terraform.graphNodeCloseProvider
  module.desafio.aws_instance.idwall - *terraform.NodeApplyableResource
  module.desafio.aws_security_group.idwall - *terraform.NodeApplyableResource
  module.desafio.provider.aws - *terraform.NodeApplyableProvider
module.desafio.provisioner.file - *terraform.NodeProvisioner
module.desafio.provisioner.remote-exec - *terraform.NodeProvisioner
module.desafio.var.ami - *terraform.NodeApplyableModuleVariable
  var.ami - *terraform.NodeRootVariable
module.desafio.var.aws_region - *terraform.NodeApplyableModuleVariable
  var.aws_region - *terraform.NodeRootVariable
module.desafio.var.instance_name - *terraform.NodeApplyableModuleVariable
  var.instance_name - *terraform.NodeRootVariable
module.desafio.var.key_name - *terraform.NodeApplyableModuleVariable
  var.key_name - *terraform.NodeRooter
  module.desafio.provisioner.remote-exec - *terraform.NodeProvisioner
  module.desafio.var.ami - *terraform.NodeApplyableModuleVariable
  module.desafio.var.instance_name - *terraform.NodeApplyableModuleVariable
  module.desafio.var.key_name - *terraform.NodeApplyableModuleVariable
module.desafio.aws_security_group.idwall - *terraform.NodeApplyableResource
  module.desafio.provider.aws - *terraform.NodeApplyableProvider
  module.desafio.var.instance_name - *terraform.NodeApplyableModuleVariable
  module.desafio.var.ssh-range - *terraform.NodeApplyableModuleVariable
module.desafio.output.public_ip - *terraform.NodeApplyableOutput
  module.desafio.aws_instance.idwall - *terraform.NodeApplyableResource
module.desafio.provider.aws - *terraform.NodeApplyableProvider
  module.desafio.var.aws_region - *terraform.NodeApplyableModuleVariable
module.desafio.provider.aws (close) - *terraform.graphNodeCloseProvider
  module.desafio.aws_instance.idwall - *terraform.NodeApplyableResource
  module.desafio.aws_security_group.idwall - *terraform.NodeApplyableResource
  module.desafio.provider.aws - *terraform.NodeApplyableProvider
module.desafio.provisioner.file - *terraform.NodeProvisioner
module.desafio.provisioner.remote-exec - *terraform.NodeProvisioner
module.desafio.var.ami - *terraform.NodeApplyableModuleVariable
  var.ami - *terraform.NodeRootVariable
module.desafio.var.aws_region - *terraform.NodeApplyableModuleVariable
  var.aws_region - *terraform.NodeRootVariable
module.desafio.var.instance_name - *terraform.NodeApplyableModuleVariable
  var.instance_name - *terraform.NodeRootVariable
module.desafio.var.key_name - *terraform.NodeApplyableModuleVariable
  var.key_name - *terraform.NodeRootVariable
module.desafio.var.ssh-range - *terraform.NodeApplyableModuleVariable
  var.ssh-range - *terraform.NodeRootVariable
output.public_ip - *terraform.NodeApplyableOutput
  module.desafio.output.public_ip - *terraform.NodeApplyableOutput
provisioner.file (close) - *terraform.graphNodeCloseProvisioner
  module.desafio.aws_instansioner
  module.desafio.var.ami - *terraform.NodeApplyableModuleVariable
  module.desafio.var.instance_name - *terraform.NodeApplyableModuleVariable
  module.desafio.var.key_name - *terraform.NodeApplyableModuleVariable
module.desafio.aws_security_group.idwall - *terraform.NodeApplyableResource
  module.desafio.provider.aws - *terraform.NodeApplyableProvider
  module.desafio.var.instance_name - *terraform.NodeApplyableModuleVariable
  module.desafio.var.ssh-range - *terraform.NodeApplyableModuleVariable
module.desafio.output.public_ip - *terraform.NodeApplyableOutput
  module.desafio.aws_instance.idwall - *terraform.NodeApplyableResource
module.desafio.provider.aws - *terraform.NodeApplyableProvider
  module.desafio.var.aws_region - *terraform.NodeApplyableModuleVariable
module.desafio.provider.aws (close) - *terraform.graphNodeCloseProvider
  module.desafio.aws_instance.idwall - *terraform.NodeApplyableResource
  module.desafio.aws_security_group.idwall - *terraform.NodeApplyableResource
  module.desafio.provider.aws - *terraform.NodeApplyableProvider
module.desafio.provisioner.file - *terraform.NodeProvisioner
module.desafio.provisioner.remote-exec - *terraform.NodeProvisioner
module.desafio.var.ami - *terraform.NodeApplyableModuleVariable
  var.ami - *terraform.NodeRootVariable
module.desafio.var.aws_region - *terraform.NodeApplyableModuleVariable
  var.aws_region - *terraform.NodeRootVariable
module.desafio.var.instance_name - *terraform.NodeApplyableModuleVariable
  var.instance_name - *terraform.NodeRootVariable
module.desafio.var.key_name - *terraform.NodeApplyableModuleVariable
  var.key_name - *terraform.NodeRootVariable
module.desafio.var.ssh-range - *terraform.NodeApplyableModuleVariable
  var.ssh-range - *terraform.NodeRootVariable
output.public_ip - *terraform.NodeApplyableOutput
  module.desafio.output.public_ip - *terraform.NodeApplyableOutput
provisioner.file (close) - *terraform.graphNodeCloseProvisioner
  module.desafio.aws_instance.idwall - *terraform.NodeApplyableResource
provisioner.remote-ex